{"/Users/sophiebrown/Projects/review4/src/paperScanner.js": {"path":"/Users/sophiebrown/Projects/review4/src/paperScanner.js","statementMap":{"0":{"start":{"line":4,"column":22},"end":{"line":4,"column":24}},"1":{"start":{"line":5,"column":16},"end":{"line":5,"column":17}},"2":{"start":{"line":7,"column":19},"end":{"line":7,"column":33}},"3":{"start":{"line":8,"column":23},"end":{"line":8,"column":25}},"4":{"start":{"line":9,"column":19},"end":{"line":9,"column":21}},"5":{"start":{"line":10,"column":4},"end":{"line":16,"column":6}},"6":{"start":{"line":11,"column":6},"end":{"line":15,"column":7}},"7":{"start":{"line":12,"column":8},"end":{"line":12,"column":20}},"8":{"start":{"line":14,"column":8},"end":{"line":14,"column":42}},"9":{"start":{"line":17,"column":4},"end":{"line":17,"column":51}},"10":{"start":{"line":17,"column":42},"end":{"line":17,"column":47}},"11":{"start":{"line":18,"column":4},"end":{"line":18,"column":32}},"12":{"start":{"line":19,"column":4},"end":{"line":19,"column":22}},"13":{"start":{"line":25,"column":0},"end":{"line":25,"column":29}}},"fnMap":{"0":{"name":"(anonymous_0)","decl":{"start":{"line":3,"column":2},"end":{"line":3,"column":3}},"loc":{"start":{"line":3,"column":17},"end":{"line":20,"column":3}},"line":3},"1":{"name":"(anonymous_1)","decl":{"start":{"line":10,"column":21},"end":{"line":10,"column":22}},"loc":{"start":{"line":10,"column":26},"end":{"line":16,"column":5}},"line":10},"2":{"name":"(anonymous_2)","decl":{"start":{"line":17,"column":32},"end":{"line":17,"column":33}},"loc":{"start":{"line":17,"column":42},"end":{"line":17,"column":47}},"line":17}},"branchMap":{"0":{"loc":{"start":{"line":11,"column":6},"end":{"line":15,"column":7}},"type":"if","locations":[{"start":{"line":11,"column":6},"end":{"line":15,"column":7}},{"start":{"line":11,"column":6},"end":{"line":15,"column":7}}],"line":11}},"s":{"0":2,"1":2,"2":2,"3":2,"4":2,"5":2,"6":4,"7":1,"8":3,"9":2,"10":3,"11":2,"12":2,"13":1},"f":{"0":2,"1":4,"2":3},"b":{"0":[1,3]},"_coverageSchema":"1a1c01bbd47fc00a2c39e90264f33305004495a9","hash":"7f91609bac67251c0d9d42183c67f3d6baea115a"}
}
