TN:
SF:src/paperScanner.js
FN:3,(anonymous_0)
FN:10,(anonymous_1)
FN:18,(anonymous_2)
FN:21,(anonymous_3)
FNF:4
FNH:4
FNDA:5,(anonymous_0)
FNDA:17,(anonymous_1)
FNDA:5,(anonymous_2)
FNDA:3,(anonymous_3)
DA:4,5
DA:5,5
DA:7,5
DA:8,5
DA:9,5
DA:10,5
DA:11,17
DA:12,6
DA:14,11
DA:17,5
DA:18,5
DA:19,3
DA:20,2
DA:21,3
DA:24,1
DA:26,5
DA:27,5
DA:28,5
DA:34,1
LF:19
LH:19
BRDA:11,0,0,6
BRDA:11,0,1,11
BRDA:17,1,0,2
BRDA:17,1,1,3
BRDA:17,2,0,5
BRDA:17,2,1,2
BRDA:19,3,0,2
BRDA:19,3,1,1
BRF:8
BRH:8
end_of_record
