TN:
SF:src/paperScanner.js
FN:3,(anonymous_0)
FN:9,(anonymous_1)
FN:17,(anonymous_2)
FN:19,(anonymous_3)
FN:21,(anonymous_4)
FN:23,(anonymous_5)
FNF:6
FNH:6
FNDA:9,(anonymous_0)
FNDA:33,(anonymous_1)
FNDA:5,(anonymous_2)
FNDA:3,(anonymous_3)
FNDA:3,(anonymous_4)
FNDA:3,(anonymous_5)
DA:4,9
DA:5,9
DA:6,9
DA:7,9
DA:8,9
DA:9,9
DA:10,33
DA:11,12
DA:13,21
DA:16,9
DA:17,5
DA:18,7
DA:19,3
DA:20,5
DA:21,3
DA:22,3
DA:23,3
DA:26,1
DA:28,9
DA:29,9
DA:35,1
LF:21
LH:21
BRDA:10,0,0,12
BRDA:10,0,1,21
BRDA:16,1,0,2
BRDA:16,1,1,7
BRDA:16,2,0,9
BRDA:16,2,1,2
BRDA:18,3,0,2
BRDA:18,3,1,5
BRDA:20,4,0,2
BRDA:20,4,1,3
BRDA:22,5,0,2
BRDA:22,5,1,1
BRF:12
BRH:12
end_of_record
